TN:
SF:script/DeployDSC.s.sol
FN:13,DeployDSC.run
FNDA:0,DeployDSC.run
DA:17,0
DA:19,0
DA:25,0
DA:27,0
DA:28,0
DA:30,0
DA:31,0
DA:32,0
DA:38,0
DA:40,0
DA:41,0
FNF:1
FNH:0
LF:11
LH:0
BRF:0
BRH:0
end_of_record
TN:
SF:script/HelperConfig.s.sol
FN:33,HelperConfig.getSepoliaEthConfig
FNDA:0,HelperConfig.getSepoliaEthConfig
DA:34,0
DA:35,0
FN:44,HelperConfig.getOrCreateAnvilEthConfig
FNDA:0,HelperConfig.getOrCreateAnvilEthConfig
DA:45,0
BRDA:45,0,0,-
BRDA:45,0,1,-
DA:46,0
DA:49,0
DA:50,0
DA:54,0
DA:56,0
DA:60,0
DA:61,0
DA:63,0
DA:64,0
FNF:2
FNH:0
LF:12
LH:0
BRF:2
BRH:0
end_of_record
TN:
SF:src/DSCEngine.sol
FN:135,DSCEngine.depositCollateralAndMintDsc
FNDA:23,DSCEngine.depositCollateralAndMintDsc
DA:140,23
DA:141,23
FN:150,DSCEngine.redeemCollateralForDsc
FNDA:2,DSCEngine.redeemCollateralForDsc
DA:154,1
DA:155,1
DA:156,1
FN:165,DSCEngine.redeemCollateral
FNDA:4,DSCEngine.redeemCollateral
DA:170,3
DA:171,2
FN:179,DSCEngine.burnDsc
FNDA:3,DSCEngine.burnDsc
DA:180,2
DA:181,1
FN:197,DSCEngine.liquidate
FNDA:6,DSCEngine.liquidate
DA:202,6
DA:203,6
BRDA:203,0,0,1
BRDA:203,0,1,5
DA:204,1
DA:207,5
DA:212,5
DA:215,5
DA:216,5
DA:218,5
DA:220,5
BRDA:220,1,0,1
BRDA:220,1,1,4
DA:221,1
DA:223,4
FN:233,DSCEngine.mintDsc
FNDA:3,DSCEngine.mintDsc
DA:234,25
DA:235,25
DA:236,23
DA:238,23
BRDA:238,2,0,1
BRDA:238,2,1,22
DA:239,1
FN:247,DSCEngine.depositCollateral
FNDA:14,DSCEngine.depositCollateral
DA:253,35
DA:254,35
DA:255,35
DA:256,35
BRDA:256,3,0,1
BRDA:256,3,1,34
DA:257,1
FN:264,DSCEngine._redeemCollateral
FNDA:9,DSCEngine._redeemCollateral
DA:267,9
DA:268,9
DA:269,9
DA:270,9
BRDA:270,4,0,1
BRDA:270,4,1,8
DA:271,1
FN:275,DSCEngine._burnDsc
FNDA:8,DSCEngine._burnDsc
DA:276,8
DA:278,7
DA:280,7
BRDA:280,5,0,-
BRDA:280,5,1,7
DA:281,0
DA:283,7
FN:290,DSCEngine._getAccountInformation
FNDA:55,DSCEngine._getAccountInformation
DA:295,55
DA:296,55
FN:299,DSCEngine._healthFactor
FNDA:50,DSCEngine._healthFactor
DA:300,50
DA:301,50
FN:304,DSCEngine._getUsdValue
FNDA:117,DSCEngine._getUsdValue
DA:305,117
DA:306,117
DA:311,117
FN:314,DSCEngine._calculateHealthFactor
FNDA:52,DSCEngine._calculateHealthFactor
DA:319,52
BRDA:319,6,0,8
BRDA:319,6,1,44
DA:320,44
DA:321,44
FN:324,DSCEngine.revertIfHealthFactorIsBroken
FNDA:33,DSCEngine.revertIfHealthFactorIsBroken
DA:325,33
DA:326,33
BRDA:326,7,0,2
BRDA:326,7,1,31
DA:327,2
FN:336,DSCEngine.calculateHealthFactor
FNDA:2,DSCEngine.calculateHealthFactor
DA:341,2
FN:344,DSCEngine.getAccountInformation
FNDA:5,DSCEngine.getAccountInformation
DA:349,5
FN:352,DSCEngine.getUsdValue
FNDA:8,DSCEngine.getUsdValue
DA:356,8
FN:359,DSCEngine.getCollateralBalanceOfUser
FNDA:1,DSCEngine.getCollateralBalanceOfUser
DA:360,1
FN:363,DSCEngine.getAccountCollateralValue
FNDA:2,DSCEngine.getAccountCollateralValue
DA:364,57
DA:365,109
DA:366,109
DA:367,109
DA:369,0
FN:372,DSCEngine.getTokenAmountFromUsd
FNDA:6,DSCEngine.getTokenAmountFromUsd
DA:373,11
DA:374,11
DA:379,11
FN:382,DSCEngine.getPrecision
FNDA:2,DSCEngine.getPrecision
DA:383,2
FN:386,DSCEngine.getAdditionalFeedPrecision
FNDA:2,DSCEngine.getAdditionalFeedPrecision
DA:387,2
FN:390,DSCEngine.getLiquidationThreshold
FNDA:1,DSCEngine.getLiquidationThreshold
DA:391,1
FN:394,DSCEngine.getLiquidationBonus
FNDA:2,DSCEngine.getLiquidationBonus
DA:395,2
FN:398,DSCEngine.getMinHealthFactor
FNDA:1,DSCEngine.getMinHealthFactor
DA:399,1
FN:402,DSCEngine.getCollateralTokens
FNDA:1,DSCEngine.getCollateralTokens
DA:403,1
FN:406,DSCEngine.getDsc
FNDA:1,DSCEngine.getDsc
DA:407,1
FN:410,DSCEngine.getCollateralTokenPriceFeed
FNDA:1,DSCEngine.getCollateralTokenPriceFeed
DA:411,1
FN:414,DSCEngine.getHealthFactor
FNDA:6,DSCEngine.getHealthFactor
DA:415,6
FNF:29
FNH:29
LF:74
LH:72
BRF:16
BRH:15
end_of_record
TN:
SF:src/DecentralizedStableCoin.sol
FN:14,DecentralizedStableCoin.burn
FNDA:6,DecentralizedStableCoin.burn
DA:15,6
DA:16,6
BRDA:16,0,0,-
BRDA:16,0,1,6
DA:17,0
DA:19,6
BRDA:19,1,0,-
BRDA:19,1,1,6
DA:20,0
DA:22,6
FN:25,DecentralizedStableCoin.mint
FNDA:21,DecentralizedStableCoin.mint
DA:26,21
BRDA:26,2,0,-
BRDA:26,2,1,21
DA:27,0
DA:29,21
BRDA:29,3,0,-
BRDA:29,3,1,21
DA:30,0
DA:32,21
DA:33,21
FNF:2
FNH:2
LF:12
LH:8
BRF:8
BRH:4
end_of_record
TN:
SF:src/libraries/OracleLib.sol
FN:20,OracleLib.staleCheckLatestRoundData
FNDA:128,OracleLib.staleCheckLatestRoundData
DA:25,128
DA:26,128
DA:28,128
BRDA:28,0,0,-
BRDA:28,0,1,128
DA:29,0
DA:31,128
DA:32,128
BRDA:32,1,0,-
BRDA:32,1,1,128
DA:34,128
FN:37,OracleLib.getTimeout
FNDA:0,OracleLib.getTimeout
DA:38,0
FNF:2
FNH:1
LF:8
LH:6
BRF:4
BRH:2
end_of_record
TN:
SF:test/mocks/MockFailedMintDSC.sol
FN:21,MockFailedMintDSC.burn
FNDA:0,MockFailedMintDSC.burn
DA:22,0
DA:23,0
BRDA:23,0,0,-
BRDA:23,0,1,-
DA:24,0
DA:26,0
BRDA:26,1,0,-
BRDA:26,1,1,-
DA:27,0
DA:29,0
FN:32,MockFailedMintDSC.mint
FNDA:0,MockFailedMintDSC.mint
DA:33,0
BRDA:33,2,0,-
BRDA:33,2,1,-
DA:34,0
DA:36,0
BRDA:36,3,0,-
BRDA:36,3,1,-
DA:37,0
DA:39,0
DA:40,0
FNF:2
FNH:0
LF:12
LH:0
BRF:8
BRH:0
end_of_record
TN:
SF:test/mocks/MockFailedTransfer.sol
FN:21,MockFailedTransfer.burn
FNDA:0,MockFailedTransfer.burn
DA:22,0
DA:23,0
BRDA:23,0,0,-
BRDA:23,0,1,-
DA:24,0
DA:26,0
BRDA:26,1,0,-
BRDA:26,1,1,-
DA:27,0
DA:29,0
FN:32,MockFailedTransfer.mint
FNDA:1,MockFailedTransfer.mint
DA:33,1
FN:36,MockFailedTransfer.transfer
FNDA:1,MockFailedTransfer.transfer
DA:37,0
FNF:3
FNH:2
LF:8
LH:1
BRF:4
BRH:0
end_of_record
TN:
SF:test/mocks/MockFailedTransferFrom.sol
FN:21,MockFailedTransferFrom.burn
FNDA:0,MockFailedTransferFrom.burn
DA:22,0
DA:23,0
BRDA:23,0,0,-
BRDA:23,0,1,-
DA:24,0
DA:26,0
BRDA:26,1,0,-
BRDA:26,1,1,-
DA:27,0
DA:29,0
FN:32,MockFailedTransferFrom.mint
FNDA:1,MockFailedTransferFrom.mint
DA:33,1
FN:36,MockFailedTransferFrom.transferFrom
FNDA:1,MockFailedTransferFrom.transferFrom
DA:41,0
FNF:3
FNH:2
LF:8
LH:1
BRF:4
BRH:0
end_of_record
TN:
SF:test/mocks/MockMoreDebtDSC.sol
FN:60,MockMoreDebtDSC.burn
FNDA:1,MockMoreDebtDSC.burn
DA:62,1
DA:63,1
DA:64,1
BRDA:64,0,0,-
BRDA:64,0,1,1
DA:65,0
DA:67,1
BRDA:67,1,0,-
BRDA:67,1,1,1
DA:68,0
DA:70,1
FN:73,MockMoreDebtDSC.mint
FNDA:2,MockMoreDebtDSC.mint
DA:74,2
BRDA:74,2,0,-
BRDA:74,2,1,2
DA:75,0
DA:77,2
BRDA:77,3,0,-
BRDA:77,3,1,2
DA:78,0
DA:80,2
DA:81,2
FNF:2
FNH:2
LF:13
LH:9
BRF:8
BRH:4
end_of_record
TN:
SF:test/mocks/MockV3Aggregator.sol
FN:29,MockV3Aggregator.updateAnswer
FNDA:7,MockV3Aggregator.updateAnswer
DA:30,7
DA:31,7
DA:32,7
DA:33,7
DA:34,7
DA:35,7
FN:38,MockV3Aggregator.updateRoundData
FNDA:0,MockV3Aggregator.updateRoundData
DA:39,0
DA:40,0
DA:41,0
DA:42,0
DA:43,0
DA:44,0
FN:47,MockV3Aggregator.getRoundData
FNDA:0,MockV3Aggregator.getRoundData
DA:52,0
FN:55,MockV3Aggregator.latestRoundData
FNDA:130,MockV3Aggregator.latestRoundData
DA:60,130
FN:69,MockV3Aggregator.description
FNDA:0,MockV3Aggregator.description
DA:70,0
FNF:5
FNH:2
LF:15
LH:7
BRF:0
BRH:0
end_of_record
